{
  "0 debug pnpm:scope": {
    "selected": 1
  },
  "1 error pnpm": {
    "errno": 1,
    "code": "ELIFECYCLE",
    "pkgid": "POS2@1.0.0",
    "stage": "serve",
    "script": "vite preview",
    "pkgname": "POS2",
    "err": {
      "name": "pnpm",
      "message": "POS2@1.0.0 serve: `vite preview`\nExit status 1",
      "code": "ELIFECYCLE",
      "stack": "pnpm: POS2@1.0.0 serve: `vite preview`\nExit status 1\n    at EventEmitter.<anonymous> (C:\\Users\\doann\\AppData\\Roaming\\npm\\node_modules\\pnpm\\dist\\pnpm.cjs:106886:20)\n    at EventEmitter.emit (node:events:526:28)\n    at ChildProcess.<anonymous> (C:\\Users\\doann\\AppData\\Roaming\\npm\\node_modules\\pnpm\\dist\\pnpm.cjs:93455:18)\n    at ChildProcess.emit (node:events:526:28)\n    at maybeClose (node:internal/child_process:1092:16)\n    at Process.ChildProcess._handle.onexit (node:internal/child_process:302:5)"
    }
  },
  "2 warn pnpm:global": " Local package.json exists, but node_modules missing, did you mean to install?"
}